This file contains any messages produced by compilers while
running configure, to aid debugging if configure makes a mistake.

It was created by antlr configure 2.7.5, which was
generated by GNU Autoconf 2.59.  Invocation command line was

  $ ./configure 

## --------- ##
## Platform. ##
## --------- ##

hostname = bambuntu
uname -m = i686
uname -r = 2.6.10-5-k7
uname -s = Linux
uname -v = #1 Tue Apr 5 12:56:05 UTC 2005

/usr/bin/uname -p = unknown
/bin/uname -X     = unknown

/bin/arch              = i686
/usr/bin/arch -k       = unknown
/usr/convex/getsysinfo = unknown
hostinfo               = unknown
/bin/machine           = unknown
/usr/bin/oslevel       = unknown
/bin/universe          = unknown

PATH: /usr/local/bin
PATH: /usr/local/sbin
PATH: /sbin
PATH: /usr/sbin
PATH: /bin
PATH: /usr/bin
PATH: /usr/bin/X11
PATH: /usr/games
PATH: /usr/local/mono/bin


## ----------- ##
## Core tests. ##
## ----------- ##

configure:1974: checking build system type
configure:1992: result: i686-pc-linux-gnu
configure:2000: checking host system type
configure:2014: result: i686-pc-linux-gnu
configure:2027: checking whether this is Cygwin
configure:2034: result: no
configure:2039: checking whether this is MinGW
configure:2046: result: no
configure:2073: checking for cygpath
configure:2106: result: no
configure:2177: checking for make
configure:2179: result: /usr/bin/make
configure:2186: checking for gmake
configure:2188: result: no
configure:2186: checking for gnumake
configure:2188: result: no
configure:2156: checking for /bin/make
configure:2163: result: no
configure:2156: checking for /usr/bin/make
configure:2160: result: yes
configure:2219: checking whether /usr/bin/make is GNU make
configure:2223: result: yes
configure:2252: checking for make
configure:2270: found /usr/bin/make
configure:2282: result: /usr/bin/make
configure:2357: checking for java
configure:2359: result: /usr/bin/java
configure:2366: checking for gij
configure:2368: result: no
configure:2451: checking for jikes
configure:2453: result: no
configure:2442: checking for javac
configure:2444: result: /usr/bin/javac
configure:2451: checking for gcj
configure:2453: result: no
configure:2527: checking for jar
configure:2529: result: /usr/bin/jar
configure:2761: checking for tlib
configure:2763: result: no
configure:2761: checking for lib
configure:2763: result: no
configure:2752: checking for ar
configure:2754: result: /usr/bin/ar
configure:2731: checking for /usr/bin/ar
configure:2735: result: yes
configure:2861: checking for g++
configure:2877: found /usr/bin/g++
configure:2887: result: g++
configure:2903: checking for C++ compiler version
configure:2906: g++ --version </dev/null >&5
g++ (GCC) 3.3.5 (Debian 1:3.3.5-8ubuntu2)
Copyright (C) 2003 Free Software Foundation, Inc.
This is free software; see the source for copying conditions.  There is NO
warranty; not even for MERCHANTABILITY or FITNESS FOR A PARTICULAR PURPOSE.

configure:2909: $? = 0
configure:2911: g++ -v </dev/null >&5
Reading specs from /usr/lib/gcc-lib/i486-linux/3.3.5/specs
Configured with: ../src/configure -v --enable-languages=c,c++,java,f77,pascal,objc,ada,treelang --prefix=/usr --mandir=/usr/share/man --infodir=/usr/share/info --with-gxx-include-dir=/usr/include/c++/3.3 --enable-shared --with-system-zlib --enable-nls --without-included-gettext --enable-__cxa_atexit --enable-clocale=gnu --enable-debug --enable-java-gc=boehm --enable-java-awt=xlib --enable-objc-gc i486-linux
Thread model: posix
gcc version 3.3.5 (Debian 1:3.3.5-8ubuntu2)
configure:2914: $? = 0
configure:2916: g++ -V </dev/null >&5
g++: `-V' option must have argument
configure:2919: $? = 1
configure:2942: checking for C++ compiler default output file name
configure:2945: g++    conftest.cc  >&5
configure:2948: $? = 0
configure:2994: result: a.out
configure:2999: checking whether the C++ compiler works
configure:3005: ./a.out
configure:3008: $? = 0
configure:3025: result: yes
configure:3032: checking whether we are cross compiling
configure:3034: result: no
configure:3037: checking for suffix of executables
configure:3039: g++ -o conftest    conftest.cc  >&5
configure:3042: $? = 0
configure:3067: result: 
configure:3073: checking for suffix of object files
configure:3094: g++ -c   conftest.cc >&5
configure:3097: $? = 0
configure:3119: result: o
configure:3123: checking whether we are using the GNU C++ compiler
configure:3147: g++ -c   conftest.cc >&5
configure:3153: $? = 0
configure:3157: test -z 
			 || test ! -s conftest.err
configure:3160: $? = 0
configure:3163: test -s conftest.o
configure:3166: $? = 0
configure:3179: result: yes
configure:3185: checking whether g++ accepts -g
configure:3206: g++ -c -g  conftest.cc >&5
configure:3212: $? = 0
configure:3216: test -z 
			 || test ! -s conftest.err
configure:3219: $? = 0
configure:3222: test -s conftest.o
configure:3225: $? = 0
configure:3236: result: yes
configure:3278: g++ -c -g -O2  conftest.cc >&5
configure:3284: $? = 0
configure:3288: test -z 
			 || test ! -s conftest.err
configure:3291: $? = 0
configure:3294: test -s conftest.o
configure:3297: $? = 0
configure:3323: g++ -c -g -O2  conftest.cc >&5
conftest.cc: In function `int main()':
conftest.cc:13: error: `exit' undeclared (first use this function)
conftest.cc:13: error: (Each undeclared identifier is reported only once for 
   each function it appears in.)
configure:3329: $? = 1
configure: failed program was:
| /* confdefs.h.  */
| 
| #define PACKAGE_NAME "antlr"
| #define PACKAGE_TARNAME "antlr"
| #define PACKAGE_VERSION "2.7.5"
| #define PACKAGE_STRING "antlr 2.7.5"
| #define PACKAGE_BUGREPORT ""
| /* end confdefs.h.  */
| 
| int
| main ()
| {
| exit (42);
|   ;
|   return 0;
| }
configure:3278: g++ -c -g -O2  conftest.cc >&5
configure:3284: $? = 0
configure:3288: test -z 
			 || test ! -s conftest.err
configure:3291: $? = 0
configure:3294: test -s conftest.o
configure:3297: $? = 0
configure:3323: g++ -c -g -O2  conftest.cc >&5
configure:3329: $? = 0
configure:3333: test -z 
			 || test ! -s conftest.err
configure:3336: $? = 0
configure:3339: test -s conftest.o
configure:3342: $? = 0
configure:3417: checking for cc
configure:3433: found /usr/bin/cc
configure:3443: result: cc
configure:3464: checking for C compiler version
configure:3467: cc --version </dev/null >&5
cc (GCC) 3.3.5 (Debian 1:3.3.5-8ubuntu2)
Copyright (C) 2003 Free Software Foundation, Inc.
This is free software; see the source for copying conditions.  There is NO
warranty; not even for MERCHANTABILITY or FITNESS FOR A PARTICULAR PURPOSE.

configure:3470: $? = 0
configure:3472: cc -v </dev/null >&5
Reading specs from /usr/lib/gcc-lib/i486-linux/3.3.5/specs
Configured with: ../src/configure -v --enable-languages=c,c++,java,f77,pascal,objc,ada,treelang --prefix=/usr --mandir=/usr/share/man --infodir=/usr/share/info --with-gxx-include-dir=/usr/include/c++/3.3 --enable-shared --with-system-zlib --enable-nls --without-included-gettext --enable-__cxa_atexit --enable-clocale=gnu --enable-debug --enable-java-gc=boehm --enable-java-awt=xlib --enable-objc-gc i486-linux
Thread model: posix
gcc version 3.3.5 (Debian 1:3.3.5-8ubuntu2)
configure:3475: $? = 0
configure:3477: cc -V </dev/null >&5
cc: `-V' option must have argument
configure:3480: $? = 1
configure:3483: checking whether we are using the GNU C compiler
configure:3507: cc -c   conftest.c >&5
configure:3513: $? = 0
configure:3517: test -z 
			 || test ! -s conftest.err
configure:3520: $? = 0
configure:3523: test -s conftest.o
configure:3526: $? = 0
configure:3539: result: yes
configure:3545: checking whether cc accepts -g
configure:3566: cc -c -g  conftest.c >&5
configure:3572: $? = 0
configure:3576: test -z 
			 || test ! -s conftest.err
configure:3579: $? = 0
configure:3582: test -s conftest.o
configure:3585: $? = 0
configure:3596: result: yes
configure:3613: checking for cc option to accept ANSI C
configure:3683: cc  -c -g -O2  conftest.c >&5
configure:3689: $? = 0
configure:3693: test -z 
			 || test ! -s conftest.err
configure:3696: $? = 0
configure:3699: test -s conftest.o
configure:3702: $? = 0
configure:3720: result: none needed
configure:3738: cc -c -g -O2  conftest.c >&5
conftest.c:2: error: syntax error before "me"
configure:3744: $? = 1
configure: failed program was:
| #ifndef __cplusplus
|   choke me
| #endif
configure:4042: checking how to run the C preprocessor
configure:4077: cc -E  conftest.c
configure:4083: $? = 0
configure:4115: cc -E  conftest.c
conftest.c:12:28: ac_nonexistent.h: No such file or directory
configure:4121: $? = 1
configure: failed program was:
| /* confdefs.h.  */
| 
| #define PACKAGE_NAME "antlr"
| #define PACKAGE_TARNAME "antlr"
| #define PACKAGE_VERSION "2.7.5"
| #define PACKAGE_STRING "antlr 2.7.5"
| #define PACKAGE_BUGREPORT ""
| #ifdef __cplusplus
| extern "C" void std::exit (int) throw (); using std::exit;
| #endif
| /* end confdefs.h.  */
| #include <ac_nonexistent.h>
configure:4160: result: cc -E
configure:4184: cc -E  conftest.c
configure:4190: $? = 0
configure:4222: cc -E  conftest.c
conftest.c:12:28: ac_nonexistent.h: No such file or directory
configure:4228: $? = 1
configure: failed program was:
| /* confdefs.h.  */
| 
| #define PACKAGE_NAME "antlr"
| #define PACKAGE_TARNAME "antlr"
| #define PACKAGE_VERSION "2.7.5"
| #define PACKAGE_STRING "antlr 2.7.5"
| #define PACKAGE_BUGREPORT ""
| #ifdef __cplusplus
| extern "C" void std::exit (int) throw (); using std::exit;
| #endif
| /* end confdefs.h.  */
| #include <ac_nonexistent.h>
configure:4272: checking for egrep
configure:4282: result: grep -E
configure:4287: checking for ANSI C header files
configure:4312: cc -c -g -O2  conftest.c >&5
configure:4318: $? = 0
configure:4322: test -z 
			 || test ! -s conftest.err
configure:4325: $? = 0
configure:4328: test -s conftest.o
configure:4331: $? = 0
configure:4420: cc -o conftest -g -O2   conftest.c  >&5
configure:4423: $? = 0
configure:4425: ./conftest
configure:4428: $? = 0
configure:4443: result: yes
configure:4467: checking for sys/types.h
configure:4483: cc -c -g -O2  conftest.c >&5
configure:4489: $? = 0
configure:4493: test -z 
			 || test ! -s conftest.err
configure:4496: $? = 0
configure:4499: test -s conftest.o
configure:4502: $? = 0
configure:4513: result: yes
configure:4467: checking for sys/stat.h
configure:4483: cc -c -g -O2  conftest.c >&5
configure:4489: $? = 0
configure:4493: test -z 
			 || test ! -s conftest.err
configure:4496: $? = 0
configure:4499: test -s conftest.o
configure:4502: $? = 0
configure:4513: result: yes
configure:4467: checking for stdlib.h
configure:4483: cc -c -g -O2  conftest.c >&5
configure:4489: $? = 0
configure:4493: test -z 
			 || test ! -s conftest.err
configure:4496: $? = 0
configure:4499: test -s conftest.o
configure:4502: $? = 0
configure:4513: result: yes
configure:4467: checking for string.h
configure:4483: cc -c -g -O2  conftest.c >&5
configure:4489: $? = 0
configure:4493: test -z 
			 || test ! -s conftest.err
configure:4496: $? = 0
configure:4499: test -s conftest.o
configure:4502: $? = 0
configure:4513: result: yes
configure:4467: checking for memory.h
configure:4483: cc -c -g -O2  conftest.c >&5
configure:4489: $? = 0
configure:4493: test -z 
			 || test ! -s conftest.err
configure:4496: $? = 0
configure:4499: test -s conftest.o
configure:4502: $? = 0
configure:4513: result: yes
configure:4467: checking for strings.h
configure:4483: cc -c -g -O2  conftest.c >&5
configure:4489: $? = 0
configure:4493: test -z 
			 || test ! -s conftest.err
configure:4496: $? = 0
configure:4499: test -s conftest.o
configure:4502: $? = 0
configure:4513: result: yes
configure:4467: checking for inttypes.h
configure:4483: cc -c -g -O2  conftest.c >&5
configure:4489: $? = 0
configure:4493: test -z 
			 || test ! -s conftest.err
configure:4496: $? = 0
configure:4499: test -s conftest.o
configure:4502: $? = 0
configure:4513: result: yes
configure:4467: checking for stdint.h
configure:4483: cc -c -g -O2  conftest.c >&5
configure:4489: $? = 0
configure:4493: test -z 
			 || test ! -s conftest.err
configure:4496: $? = 0
configure:4499: test -s conftest.o
configure:4502: $? = 0
configure:4513: result: yes
configure:4467: checking for unistd.h
configure:4483: cc -c -g -O2  conftest.c >&5
configure:4489: $? = 0
configure:4493: test -z 
			 || test ! -s conftest.err
configure:4496: $? = 0
configure:4499: test -s conftest.o
configure:4502: $? = 0
configure:4513: result: yes
configure:4531: checking for stdlib.h
configure:4536: result: yes
configure:4531: checking for unistd.h
configure:4536: result: yes
configure:4678: checking for an ANSI C-conforming const
configure:4745: cc -c -g -O2  conftest.c >&5
configure:4751: $? = 0
configure:4755: test -z 
			 || test ! -s conftest.err
configure:4758: $? = 0
configure:4761: test -s conftest.o
configure:4764: $? = 0
configure:4775: result: yes
configure:4785: checking for inline
configure:4806: cc -c -g -O2  conftest.c >&5
configure:4812: $? = 0
configure:4816: test -z 
			 || test ! -s conftest.err
configure:4819: $? = 0
configure:4822: test -s conftest.o
configure:4825: $? = 0
configure:4837: result: inline
configure:4863: checking for stdlib.h
configure:4868: result: yes
configure:5008: checking for GNU libc compatible malloc
configure:5037: cc -o conftest -g -O2   conftest.c  >&5
configure:5040: $? = 0
configure:5042: ./conftest
configure:5045: $? = 0
configure:5059: result: yes
configure:5093: checking for strcasecmp
configure:5150: cc -o conftest -g -O2   conftest.c  >&5
configure:5156: $? = 0
configure:5160: test -z 
			 || test ! -s conftest.err
configure:5163: $? = 0
configure:5166: test -s conftest
configure:5169: $? = 0
configure:5181: result: yes
configure:5200: checking for doxygen
configure:5231: result: doxygen
configure:5255: checking for a BSD-compatible install
configure:5310: result: /usr/bin/install -c
configure:5362: checking for ranlib
configure:5378: found /usr/bin/ranlib
configure:5389: result: ranlib
configure:5404: checking for mkdir
configure:5422: found /bin/mkdir
configure:5435: result: /bin/mkdir
configure:5444: checking for rm
configure:5462: found /bin/rm
configure:5475: result: /bin/rm
configure:5527: checking for gnutar
configure:5529: result: no
configure:5518: checking for tar
configure:5520: result: /bin/tar
configure:5568: checking for /bin/touch
configure:5572: result: yes
configure:5568: checking for /usr/bin/touch
configure:5572: result: yes
configure:5589: checking for touch
configure:5591: result: /bin/touch
configure:5589: checking for touch
configure:5591: result: /usr/bin/touch
configure:5627: checking for chmod
configure:5645: found /bin/chmod
configure:5658: result: /bin/chmod
configure:5667: checking for sed
configure:5685: found /bin/sed
configure:5698: result: /bin/sed
configure:5707: checking for cat
configure:5725: found /bin/cat
configure:5738: result: /bin/cat
configure:5747: checking for grep
configure:5765: found /bin/grep
configure:5778: result: /bin/grep
configure:5832: checking for python
configure:5834: result: /usr/bin/python
configure:5960: checking for cscc
configure:5962: result: no
configure:5951: checking for mcs
configure:5953: result: /usr/local/mono/bin/mcs
configure:5960: checking for csc
configure:5962: result: no
configure:5930: checking for /usr/local/bin/cscc
configure:5937: result: no
configure:5930: checking for /usr/local/bin/mcs
configure:5937: result: no
configure:5930: checking for /opt/bin/cscc
configure:5937: result: no
configure:5930: checking for /opt/bin/mcs
configure:5937: result: no
configure:6112: checking for /usr/local/mono/bin/mono
configure:6116: result: yes
configure:6133: checking for mono
configure:6135: result: /usr/local/mono/bin/mono
configure:6112: checking for /usr/local/bin/mono
configure:6119: result: no
configure:6112: checking for /opt/bin/mono
configure:6119: result: no
configure:6643: creating ./config.status

## ---------------------- ##
## Running config.status. ##
## ---------------------- ##

This file was extended by antlr config.status 2.7.5, which was
generated by GNU Autoconf 2.59.  Invocation command line was

  CONFIG_FILES    = 
  CONFIG_HEADERS  = 
  CONFIG_LINKS    = 
  CONFIG_COMMANDS = 
  $ ./config.status 

on bambuntu

config.status:888: creating scripts/config.vars
config.status:888: creating scripts/config.deps
config.status:888: creating scripts/config.make
config.status:888: creating antlr/Version.java
config.status:888: creating scripts/python.sh
config.status:888: creating scripts/pyantlr.sh
config.status:888: creating lib/python/Makefile
config.status:888: creating examples/python/Makefile
config.status:888: creating examples/python/asn1/Makefile
config.status:888: creating examples/python/ASTsupport/Makefile
config.status:888: creating examples/python/calc/Makefile
config.status:888: creating examples/python/columns/Makefile
config.status:888: creating examples/python/exprAST/Makefile
config.status:888: creating examples/python/filter/Makefile
config.status:888: creating examples/python/filterWithRule/Makefile
config.status:888: creating examples/python/heteroAST/Makefile
config.status:888: creating examples/python/HTML/Makefile
config.status:888: creating examples/python/IDL/Makefile
config.status:888: creating examples/python/imagNodeAST/Makefile
config.status:888: creating examples/python/includeFile/Makefile
config.status:888: creating examples/python/inherit.tinyc/Makefile
config.status:888: creating examples/python/java/Makefile
config.status:888: creating examples/python/lexerTester/Makefile
config.status:888: creating examples/python/lexRewrite/Makefile
config.status:888: creating examples/python/linkChecker/Makefile
config.status:888: creating examples/python/multiLexer/Makefile
config.status:888: creating examples/python/multiParser/Makefile
config.status:888: creating examples/python/parseBinary/Makefile
config.status:888: creating examples/python/pascal/Makefile
config.status:888: creating examples/python/cpp/Makefile
config.status:888: creating examples/python/preserveWhiteSpace/Makefile
config.status:888: creating examples/python/tinybasic/Makefile
config.status:888: creating examples/python/tinyc/Makefile
config.status:888: creating examples/python/transform/Makefile
config.status:888: creating examples/python/treewalk/Makefile
config.status:888: creating examples/python/unicode/Makefile
config.status:888: creating examples/python/unicode.IDENTs/Makefile
config.status:888: creating examples/python/xml/Makefile
config.status:888: creating scripts/csc.sh
config.status:888: creating lib/csharp/Makefile
config.status:888: creating lib/csharp/src/Makefile
config.status:888: creating lib/csharp/ASTFrame/Makefile
config.status:888: creating examples/csharp/ASTsupport/Makefile
config.status:888: creating examples/csharp/HTML/Makefile
config.status:888: creating examples/csharp/IDL/Makefile
config.status:888: creating examples/csharp/ParseTreeDebug/Makefile
config.status:888: creating examples/csharp/TokenStreamRewrite/Makefile
config.status:888: creating examples/csharp/calc/Makefile
config.status:888: creating examples/csharp/columns/Makefile
config.status:888: creating examples/csharp/exprAST/Makefile
config.status:888: creating examples/csharp/filter/Makefile
config.status:888: creating examples/csharp/filterWithRule/Makefile
config.status:888: creating examples/csharp/heteroAST/Makefile
config.status:888: creating examples/csharp/java/Makefile
config.status:888: creating examples/csharp/multiLexer/Makefile
config.status:888: creating examples/csharp/parseBinary/Makefile
config.status:888: creating examples/csharp/preserveWhiteSpace/Makefile
config.status:888: creating examples/csharp/tinyc/Makefile
config.status:888: creating examples/csharp/unicode/Makefile
config.status:888: creating examples/csharp/Makefile
config.status:888: creating scripts/java.sh
config.status:888: creating scripts/jar.sh
config.status:888: creating scripts/javac.sh
config.status:888: creating scripts/antlr.sh
config.status:888: creating scripts/cxx.sh
config.status:888: creating scripts/link.sh
config.status:888: creating scripts/c.sh
config.status:888: creating scripts/lib.sh
config.status:888: creating scripts/cpp.sh
config.status:888: creating lib/cpp/Makefile
config.status:888: creating lib/cpp/antlr/Makefile
config.status:888: creating lib/cpp/src/Makefile
config.status:888: creating examples/cpp/Makefile
config.status:888: creating examples/cpp/ASTsupport/Makefile
config.status:888: creating examples/cpp/calc/Makefile
config.status:888: creating examples/cpp/exprAST/Makefile
config.status:888: creating examples/cpp/filter/Makefile
config.status:888: creating examples/cpp/filterWithRule/Makefile
config.status:888: creating examples/cpp/flexLexer/Makefile
config.status:888: creating examples/cpp/HTML/Makefile
config.status:888: creating examples/cpp/IDL/Makefile
config.status:888: creating examples/cpp/imagNodeAST/Makefile
config.status:888: creating examples/cpp/includeFile/Makefile
config.status:888: creating examples/cpp/inherit.tinyc/Makefile
config.status:888: creating examples/cpp/java/Makefile
config.status:888: creating examples/cpp/lexRewrite/Makefile
config.status:888: creating examples/cpp/multiLexer/Makefile
config.status:888: creating examples/cpp/multiParser/Makefile
config.status:888: creating examples/cpp/parseBinary/Makefile
config.status:888: creating examples/cpp/preserveWhiteSpace/Makefile
config.status:888: creating examples/cpp/tinyc/Makefile
config.status:888: creating examples/cpp/tokenStreamRewrite/Makefile
config.status:888: creating examples/cpp/transform/Makefile
config.status:888: creating examples/cpp/treewalk/Makefile
config.status:888: creating examples/cpp/unicode/Makefile
config.status:888: creating lib/Makefile
config.status:888: creating examples/Makefile
config.status:888: creating doc/Makefile
config.status:888: creating Makefile
config.status:888: creating scripts/antlr-config
config.status:888: creating scripts/run-antlr
config.status:888: creating scripts/antlr.spec
config.status:888: creating antlr/Makefile
config.status:888: creating examples/java/ASTsupport/Makefile
config.status:888: creating examples/java/HTML/Makefile
config.status:888: creating examples/java/IDL/Makefile
config.status:888: creating examples/java/calc/Makefile
config.status:888: creating examples/java/columns/Makefile
config.status:888: creating examples/java/exprAST/Makefile
config.status:888: creating examples/java/filter/Makefile
config.status:888: creating examples/java/filterWithRule/Makefile
config.status:888: creating examples/java/heteroAST/Makefile
config.status:888: creating examples/java/imagNodeAST/Makefile
config.status:888: creating examples/java/includeFile/Makefile
config.status:888: creating examples/java/inherit.tinyc/Makefile
config.status:888: creating examples/java/java/Makefile
config.status:888: creating examples/java/lexRewrite/Makefile
config.status:888: creating examples/java/linkChecker/Makefile
config.status:888: creating examples/java/multiLexer/Makefile
config.status:888: creating examples/java/parseBinary/Makefile
config.status:888: creating examples/java/pascal/Makefile
config.status:888: creating examples/java/preserveWhiteSpace/Makefile
config.status:888: creating examples/java/tinybasic/Makefile
config.status:888: creating examples/java/tinyc/Makefile
config.status:888: creating examples/java/transform/Makefile
config.status:888: creating examples/java/treewalk/Makefile
config.status:888: creating examples/java/unicode.IDENTs/Makefile
config.status:888: creating examples/java/unicode/Makefile
config.status:888: creating examples/java/xml/Makefile
config.status:888: creating examples/java/Makefile
config.status:888: creating examples/java/cpp/Makefile

## ---------------- ##
## Cache variables. ##
## ---------------- ##

ac_cv_build=i686-pc-linux-gnu
ac_cv_build_alias=i686-pc-linux-gnu
ac_cv_c_compiler_gnu=yes
ac_cv_c_const=yes
ac_cv_c_inline=inline
ac_cv_cxx_compiler_gnu=yes
ac_cv_env_ANTLRFLAGS_set=
ac_cv_env_ANTLRFLAGS_value=
ac_cv_env_CC_set=
ac_cv_env_CC_value=
ac_cv_env_CFLAGS_set=
ac_cv_env_CFLAGS_value=
ac_cv_env_CPPFLAGS_set=
ac_cv_env_CPPFLAGS_value=
ac_cv_env_CPP_set=
ac_cv_env_CPP_value=
ac_cv_env_CSHARPCFLAGS_set=
ac_cv_env_CSHARPCFLAGS_value=
ac_cv_env_CSHARPC_set=
ac_cv_env_CSHARPC_value=
ac_cv_env_CXXFLAGS_set=
ac_cv_env_CXXFLAGS_value=
ac_cv_env_CXX_set=
ac_cv_env_CXX_value=
ac_cv_env_JAVACFLAGS_set=
ac_cv_env_JAVACFLAGS_value=
ac_cv_env_JAVAC_set=
ac_cv_env_JAVAC_value=
ac_cv_env_JAVAFLAGS_set=
ac_cv_env_JAVAFLAGS_value=
ac_cv_env_JAVA_set=
ac_cv_env_JAVA_value=
ac_cv_env_LDFLAGS_set=
ac_cv_env_LDFLAGS_value=
ac_cv_env_MAKE_set=
ac_cv_env_MAKE_value=
ac_cv_env_PYTHONFLAGS_set=
ac_cv_env_PYTHONFLAGS_value=
ac_cv_env_PYTHON_set=
ac_cv_env_PYTHON_value=
ac_cv_env_build_alias_set=
ac_cv_env_build_alias_value=
ac_cv_env_host_alias_set=
ac_cv_env_host_alias_value=
ac_cv_env_target_alias_set=
ac_cv_env_target_alias_value=
ac_cv_exeext=
ac_cv_func_malloc_0_nonnull=yes
ac_cv_func_strcasecmp=yes
ac_cv_header_inttypes_h=yes
ac_cv_header_memory_h=yes
ac_cv_header_stdc=yes
ac_cv_header_stdint_h=yes
ac_cv_header_stdlib_h=yes
ac_cv_header_string_h=yes
ac_cv_header_strings_h=yes
ac_cv_header_sys_stat_h=yes
ac_cv_header_sys_types_h=yes
ac_cv_header_unistd_h=yes
ac_cv_host=i686-pc-linux-gnu
ac_cv_host_alias=i686-pc-linux-gnu
ac_cv_objext=o
ac_cv_path_CAT=/bin/cat
ac_cv_path_CHMOD=/bin/chmod
ac_cv_path_DOXYGEN=doxygen
ac_cv_path_GREP=/bin/grep
ac_cv_path_MKDIR=/bin/mkdir
ac_cv_path_RM=/bin/rm
ac_cv_path_SED=/bin/sed
ac_cv_path_install='/usr/bin/install -c'
ac_cv_path_just_make=/usr/bin/make
ac_cv_prog_CPP='cc -E'
ac_cv_prog_ac_ct_CC=cc
ac_cv_prog_ac_ct_CXX=g++
ac_cv_prog_ac_ct_RANLIB=ranlib
ac_cv_prog_cc_g=yes
ac_cv_prog_cc_stdc=
ac_cv_prog_cxx_g=yes
ac_cv_prog_egrep='grep -E'

## ----------------- ##
## Output variables. ##
## ----------------- ##

ANTLR=''
ANTLRFLAGS=''
ANTLR_ACTION_FILES=' actions/cpp/ActionLexer.java actions/cpp/ActionLexerTokenTypes.java actions/csharp/ActionLexer.java actions/csharp/ActionLexerTokenTypes.java actions/java/ActionLexer.java actions/java/ActionLexerTokenTypes.java actions/python/ActionLexer.java actions/python/ActionLexerTokenTypes.java actions/python/CodeLexer.java actions/python/CodeLexerTokenTypes.java'
ANTLR_ANTLR_FILES='   ANTLRParser.java   ANTLRTokenTypes.java   ANTLRLexer.java'
ANTLR_COMPILE_CMD='/bin/sh /home/rodrigob/java/antlr-2.7.5/scripts/antlr.sh'
ANTLR_CYGWIN='no'
ANTLR_JAR='/home/rodrigob/java/antlr-2.7.5/antlr/antlr.jar'
ANTLR_LIB='/home/rodrigob/java/antlr-2.7.5/lib/cpp/src/libantlr.a'
ANTLR_MINGW='no'
ANTLR_NET='/home/rodrigob/java/antlr-2.7.5/lib/antlr.runtime.dll'
ANTLR_PY='/home/rodrigob/java/antlr-2.7.5/lib/python/antlr/python.py'
ANTLR_TOKDEF_FILES=' ANTLRTokdefParser.java ANTLRTokdefLexer.java ANTLRTokdefParserTokenTypes.java'
ANTLR_WIN32=''
ANTLR_WITH_ANTLR_CMD=''
ANTLR_WITH_ANTLR_JAR=''
AR='/usr/bin/ar'
ARFLAGS=''
AS=''
ASTFRAME_NET='/home/rodrigob/java/antlr-2.7.5/lib/antlr.astframe.dll'
BOOTCLASSPATH=''
CAT='/bin/cat'
CC='cc'
CFLAGS='-g -O2'
CHMOD='/bin/chmod'
CLR='/usr/local/mono/bin/mono'
CPP='cc -E'
CPPFLAGS=''
CSHARPC='/usr/local/mono/bin/mcs'
CSHARPCFLAGS=''
CSHARP_COMPILE_CMD='/bin/sh /home/rodrigob/java/antlr-2.7.5/scripts/csc.sh'
CXX='g++'
CXXFLAGS=''
CXX_COMPILE_CMD='/bin/sh /home/rodrigob/java/antlr-2.7.5/scripts/cxx.sh'
CXX_LIB_CMD='/bin/sh /home/rodrigob/java/antlr-2.7.5/scripts/lib.sh'
CXX_LINK_CMD='/bin/sh /home/rodrigob/java/antlr-2.7.5/scripts/link.sh'
CYGPATH=''
CYGPATH_M='echo'
CYGPATH_W='echo'
C_COMPILE_CMD='/bin/sh /home/rodrigob/java/antlr-2.7.5/scripts/c.sh'
DEBUG='0'
DEFS='-DPACKAGE_NAME=\"antlr\" -DPACKAGE_TARNAME=\"antlr\" -DPACKAGE_VERSION=\"2.7.5\" -DPACKAGE_STRING=\"antlr\ 2.7.5\" -DPACKAGE_BUGREPORT=\"\" -DSTDC_HEADERS=1 -DHAVE_SYS_TYPES_H=1 -DHAVE_SYS_STAT_H=1 -DHAVE_STDLIB_H=1 -DHAVE_STRING_H=1 -DHAVE_MEMORY_H=1 -DHAVE_STRINGS_H=1 -DHAVE_INTTYPES_H=1 -DHAVE_STDINT_H=1 -DHAVE_UNISTD_H=1 -DHAVE_STDLIB_H=1 -DHAVE_UNISTD_H=1 -DHAVE_STDLIB_H=1 -DHAVE_MALLOC=1 -DHAVE_STRCASECMP=1 '
DOXYGEN='doxygen'
ECHO_C=''
ECHO_N='-n'
ECHO_T=''
EGREP='grep -E'
EXEEXT=''
GREP='/bin/grep'
INSTALL_DATA='${INSTALL} -m 644'
INSTALL_PROGRAM='${INSTALL}'
INSTALL_SCRIPT='${INSTALL}'
JAR='/usr/bin/jar'
JARFLAGS=''
JAR_CMD='/bin/sh /home/rodrigob/java/antlr-2.7.5/scripts/jar.sh'
JAVA='/usr/bin/java'
JAVAC='/usr/bin/javac'
JAVACFLAGS=''
JAVAFLAGS=''
JAVA_CMD='/bin/sh /home/rodrigob/java/antlr-2.7.5/scripts/java.sh'
JAVA_COMPILE_CMD='/bin/sh /home/rodrigob/java/antlr-2.7.5/scripts/javac.sh'
LDFLAGS=''
LIBEXT='.a'
LIBOBJS=''
LIBS=''
LTLIBOBJS=''
MAKE='/usr/bin/make'
MKDIR='/bin/mkdir'
OBJEXT='.o'
PACKAGE_BUGREPORT=''
PACKAGE_NAME='antlr'
PACKAGE_STRING='antlr 2.7.5'
PACKAGE_TARNAME='antlr'
PACKAGE_VERSION='2.7.5'
PATCHLEVEL='5'
PATH_SEPARATOR=':'
PYTHON='/usr/bin/python'
PYTHONFLAGS=''
RANLIB='ranlib'
RM='/bin/rm'
SED='/bin/sed'
SHELL='/bin/sh'
SUBVERSION='7'
TAR='/bin/tar'
TIMESTAMP='20050517'
TOUCH='/bin/touch'
VERBOSE='0'
VERSION='2'
WITH_EXAMPLES='1'
abs_this_builddir='/home/rodrigob/java/antlr-2.7.5'
ac_ct_CC='cc'
ac_ct_CXX='g++'
ac_ct_RANLIB='ranlib'
antlr_jar='antlr.jar'
antlr_lib='libantlr.a'
antlr_net='antlr.runtime.dll'
antlr_py='python.py'
astframe_net='antlr.astframe.dll'
bindir='${exec_prefix}/bin'
build='i686-pc-linux-gnu'
build_alias=''
build_cpu='i686'
build_os='linux-gnu'
build_vendor='pc'
cxx='gcc'
datadir='${prefix}/share'
exec_prefix='${prefix}'
host='i686-pc-linux-gnu'
host_alias=''
host_cpu='i686'
host_os='linux-gnu'
host_vendor='pc'
includedir='${prefix}/include'
infodir='${prefix}/info'
jar='jar'
java=''
javac='javac'
just_make='/usr/bin/make'
libdir='${exec_prefix}/lib'
libexecdir='${exec_prefix}/libexec'
localstatedir='${prefix}/var'
mandir='${prefix}/man'
oldincludedir='/usr/include'
prefix='/usr/local'
program_transform_name='s,x,x,'
sbindir='${exec_prefix}/sbin'
sharedstatedir='${prefix}/com'
sysconfdir='${prefix}/etc'
target_alias=''

## ------------- ##
## Output files. ##
## ------------- ##

stddeps='scripts/config.deps'
stdmake='scripts/config.make'
stdvars='scripts/config.vars'

## ----------- ##
## confdefs.h. ##
## ----------- ##

#define HAVE_INTTYPES_H 1
#define HAVE_MALLOC 1
#define HAVE_MEMORY_H 1
#define HAVE_STDINT_H 1
#define HAVE_STDLIB_H 1
#define HAVE_STDLIB_H 1
#define HAVE_STDLIB_H 1
#define HAVE_STRCASECMP 1
#define HAVE_STRINGS_H 1
#define HAVE_STRING_H 1
#define HAVE_SYS_STAT_H 1
#define HAVE_SYS_TYPES_H 1
#define HAVE_UNISTD_H 1
#define HAVE_UNISTD_H 1
#define PACKAGE_BUGREPORT ""
#define PACKAGE_NAME "antlr"
#define PACKAGE_STRING "antlr 2.7.5"
#define PACKAGE_TARNAME "antlr"
#define PACKAGE_VERSION "2.7.5"
#define STDC_HEADERS 1
#endif
#ifdef __cplusplus
extern "C" void std::exit (int) throw (); using std::exit;

configure: exit 0
